<?xml version="1.0" encoding="UTF-8"?>
<!-- Generated by org.testng.reporters.JUnitReportReporter -->
<testsuite hostname="LAPTOP-NK2H03CC" failures="0" tests="1" name="com.pack.LoginTests" time="7.347" errors="0" timestamp="2023-12-15T12:22:18 IST" skipped="0">
  <testcase classname="com.pack.LoginTests" name="LoginButton" time="7.347"/>
</testsuite> <!-- com.pack.LoginTests -->
