<?xml version="1.0" encoding="UTF-8"?>
<!-- Generated by org.testng.reporters.JUnitReportReporter -->
<testsuite hostname="LAPTOP-NK2H03CC" failures="0" tests="1" name="com.pack.HomeTest" time="18.348" errors="0" timestamp="2023-12-15T12:22:45 IST" skipped="0">
  <testcase classname="com.pack.HomeTest" name="Filterbutton" time="18.348"/>
</testsuite> <!-- com.pack.HomeTest -->
