<?xml version="1.0" encoding="UTF-8"?>
<!-- Generated by org.testng.reporters.JUnitReportReporter -->
<testsuite hostname="LAPTOP-NK2H03CC" failures="0" tests="1" name="com.pack.LoginCheck" time="45.342" errors="0" timestamp="2023-12-04T12:21:09 IST" skipped="0">
  <testcase classname="com.pack.LoginCheck" name="LoginAfter" time="45.342"/>
</testsuite> <!-- com.pack.LoginCheck -->
